2021-04-07 18:05:35.495 febs [restartedMain] INFO  o.s.b.d.e.DevToolsPropertyDefaultsPostProcessor - Devtools property defaults active! Set 'spring.devtools.add-properties' to 'false' to disable
2021-04-07 18:05:36.003 febs [restartedMain] INFO  c.a.n.c.c.i.LocalConfigInfoProcessor - LOCAL_SNAPSHOT_PATH:C:\Users\Dukzzz\nacos\config
2021-04-07 18:05:36.025 febs [restartedMain] INFO  c.a.nacos.client.config.impl.Limiter - limitTime:5.0
2021-04-07 18:05:36.423 febs [restartedMain] INFO  o.s.c.b.c.PropertySourceBootstrapConfiguration - Located property source: [BootstrapPropertySource {name='bootstrapProperties-brd-sys2-local.yaml,DEFAULT_GROUP'}, BootstrapPropertySource {name='bootstrapProperties-brd-sys2.yaml,DEFAULT_GROUP'}, BootstrapPropertySource {name='bootstrapProperties-brd-sys2,DEFAULT_GROUP'}]
2021-04-07 18:05:36.471 febs [restartedMain] INFO  com.smart.brd.sys.BrdSysApplication - The following profiles are active: local
2021-04-07 18:05:40.389 febs [restartedMain] INFO  o.s.d.r.c.RepositoryConfigurationDelegate - Multiple Spring Data modules found, entering strict repository configuration mode!
2021-04-07 18:05:40.391 febs [restartedMain] INFO  o.s.d.r.c.RepositoryConfigurationDelegate - Bootstrapping Spring Data Redis repositories in DEFAULT mode.
2021-04-07 18:05:40.440 febs [restartedMain] INFO  o.s.d.r.c.RepositoryConfigurationDelegate - Finished Spring Data repository scanning in 34ms. Found 0 Redis repository interfaces.
2021-04-07 18:05:40.727 febs [restartedMain] INFO  o.s.cloud.context.scope.GenericScope - BeanFactory id=8c4fe861-2a7b-3271-bb5c-24bd86b9b2e5
2021-04-07 18:05:41.081 febs [restartedMain] INFO  o.s.c.s.PostProcessorRegistrationDelegate$BeanPostProcessorChecker - Bean 'asyncExecutorPoolConfig' of type [com.smart.brd.sys.common.config.AsyncExecutorPoolConfig$$EnhancerBySpringCGLIB$$101078ac] is not eligible for getting processed by all BeanPostProcessors (for example: not eligible for auto-proxying)
2021-04-07 18:05:41.301 febs [restartedMain] INFO  o.s.c.s.PostProcessorRegistrationDelegate$BeanPostProcessorChecker - Bean 'spring.datasource.dynamic-com.baomidou.dynamic.datasource.spring.boot.autoconfigure.DynamicDataSourceProperties' of type [com.baomidou.dynamic.datasource.spring.boot.autoconfigure.DynamicDataSourceProperties] is not eligible for getting processed by all BeanPostProcessors (for example: not eligible for auto-proxying)
2021-04-07 18:05:41.449 febs [restartedMain] INFO  o.s.c.s.PostProcessorRegistrationDelegate$BeanPostProcessorChecker - Bean 'com.baomidou.dynamic.datasource.spring.boot.autoconfigure.DynamicDataSourceAutoConfiguration' of type [com.baomidou.dynamic.datasource.spring.boot.autoconfigure.DynamicDataSourceAutoConfiguration$$EnhancerBySpringCGLIB$$2cc1ee61] is not eligible for getting processed by all BeanPostProcessors (for example: not eligible for auto-proxying)
2021-04-07 18:05:41.459 febs [restartedMain] INFO  o.s.c.s.PostProcessorRegistrationDelegate$BeanPostProcessorChecker - Bean 'dsProcessor' of type [com.baomidou.dynamic.datasource.processor.DsHeaderProcessor] is not eligible for getting processed by all BeanPostProcessors (for example: not eligible for auto-proxying)
2021-04-07 18:05:41.500 febs [restartedMain] INFO  o.s.c.s.PostProcessorRegistrationDelegate$BeanPostProcessorChecker - Bean 'dynamicDatasourceAnnotationAdvisor' of type [com.baomidou.dynamic.datasource.aop.DynamicDataSourceAnnotationAdvisor] is not eligible for getting processed by all BeanPostProcessors (for example: not eligible for auto-proxying)
2021-04-07 18:05:41.565 febs [restartedMain] INFO  o.s.c.s.PostProcessorRegistrationDelegate$BeanPostProcessorChecker - Bean 'shiroConfig' of type [com.smart.brd.sys.common.authentication.ShiroConfig$$EnhancerBySpringCGLIB$$4acfa4a8] is not eligible for getting processed by all BeanPostProcessors (for example: not eligible for auto-proxying)
2021-04-07 18:05:42.195 febs [restartedMain] INFO  o.s.c.s.PostProcessorRegistrationDelegate$BeanPostProcessorChecker - Bean 'redisConfig' of type [com.smart.brd.sys.common.config.RedisConfig$$EnhancerBySpringCGLIB$$dc2c3afc] is not eligible for getting processed by all BeanPostProcessors (for example: not eligible for auto-proxying)
2021-04-07 18:05:42.227 febs [restartedMain] INFO  o.s.c.s.PostProcessorRegistrationDelegate$BeanPostProcessorChecker - Bean 'redisPoolFactory' of type [redis.clients.jedis.JedisPool] is not eligible for getting processed by all BeanPostProcessors (for example: not eligible for auto-proxying)
2021-04-07 18:05:42.230 febs [restartedMain] INFO  o.s.c.s.PostProcessorRegistrationDelegate$BeanPostProcessorChecker - Bean 'redisService' of type [com.smart.brd.sys.common.service.impl.RedisServiceImpl] is not eligible for getting processed by all BeanPostProcessors (for example: not eligible for auto-proxying)
2021-04-07 18:05:42.329 febs [restartedMain] INFO  o.s.c.s.PostProcessorRegistrationDelegate$BeanPostProcessorChecker - Bean 'mybatis-plus-com.baomidou.mybatisplus.autoconfigure.MybatisPlusProperties' of type [com.baomidou.mybatisplus.autoconfigure.MybatisPlusProperties] is not eligible for getting processed by all BeanPostProcessors (for example: not eligible for auto-proxying)
2021-04-07 18:05:42.350 febs [restartedMain] INFO  o.s.c.s.PostProcessorRegistrationDelegate$BeanPostProcessorChecker - Bean 'mybatisPlusConfig' of type [com.smart.brd.sys.common.config.MybatisPlusConfig$$EnhancerBySpringCGLIB$$fb2f8ece] is not eligible for getting processed by all BeanPostProcessors (for example: not eligible for auto-proxying)
2021-04-07 18:05:42.360 febs [restartedMain] INFO  o.s.c.s.PostProcessorRegistrationDelegate$BeanPostProcessorChecker - Bean 'paginationInterceptor' of type [com.baomidou.mybatisplus.extension.plugins.PaginationInterceptor] is not eligible for getting processed by all BeanPostProcessors (for example: not eligible for auto-proxying)
2021-04-07 18:05:42.372 febs [restartedMain] INFO  o.s.c.s.PostProcessorRegistrationDelegate$BeanPostProcessorChecker - Bean 'com.baomidou.mybatisplus.autoconfigure.MybatisPlusAutoConfiguration' of type [com.baomidou.mybatisplus.autoconfigure.MybatisPlusAutoConfiguration$$EnhancerBySpringCGLIB$$fbea2a] is not eligible for getting processed by all BeanPostProcessors (for example: not eligible for auto-proxying)
2021-04-07 18:05:42.386 febs [restartedMain] INFO  o.s.c.s.PostProcessorRegistrationDelegate$BeanPostProcessorChecker - Bean 'dynamicDataSourceCreator' of type [com.baomidou.dynamic.datasource.DynamicDataSourceCreator] is not eligible for getting processed by all BeanPostProcessors (for example: not eligible for auto-proxying)
2021-04-07 18:05:42.390 febs [restartedMain] INFO  o.s.c.s.PostProcessorRegistrationDelegate$BeanPostProcessorChecker - Bean 'dynamicDataSourceProvider' of type [com.baomidou.dynamic.datasource.provider.YmlDynamicDataSourceProvider] is not eligible for getting processed by all BeanPostProcessors (for example: not eligible for auto-proxying)
2021-04-07 18:05:42.396 febs [restartedMain] INFO  c.b.d.d.DynamicRoutingDataSource - 动态数据源-检测到并开启了p6spy
2021-04-07 18:05:42.412 febs [restartedMain] INFO  com.zaxxer.hikari.HikariDataSource - primary - Starting...
2021-04-07 18:05:42.792 febs [restartedMain] INFO  com.zaxxer.hikari.HikariDataSource - primary - Start completed.
2021-04-07 18:05:42.792 febs [restartedMain] INFO  c.b.d.d.DynamicRoutingDataSource - 初始共加载 1 个数据源
2021-04-07 18:05:42.792 febs [restartedMain] INFO  c.b.d.d.DynamicRoutingDataSource - 动态数据源-加载 primary 成功
2021-04-07 18:05:42.792 febs [restartedMain] INFO  c.b.d.d.DynamicRoutingDataSource - 当前的默认数据源是单数据源，数据源名为 primary
2021-04-07 18:05:42.792 febs [restartedMain] INFO  o.s.c.s.PostProcessorRegistrationDelegate$BeanPostProcessorChecker - Bean 'dataSource' of type [com.baomidou.dynamic.datasource.DynamicRoutingDataSource] is not eligible for getting processed by all BeanPostProcessors (for example: not eligible for auto-proxying)
2021-04-07 18:05:42.805 febs [restartedMain] INFO  o.s.c.s.PostProcessorRegistrationDelegate$BeanPostProcessorChecker - Bean 'spring.datasource-org.springframework.boot.autoconfigure.jdbc.DataSourceProperties' of type [org.springframework.boot.autoconfigure.jdbc.DataSourceProperties] is not eligible for getting processed by all BeanPostProcessors (for example: not eligible for auto-proxying)
2021-04-07 18:05:42.828 febs [restartedMain] INFO  o.s.c.s.PostProcessorRegistrationDelegate$BeanPostProcessorChecker - Bean 'org.springframework.boot.autoconfigure.jdbc.DataSourceInitializerInvoker' of type [org.springframework.boot.autoconfigure.jdbc.DataSourceInitializerInvoker] is not eligible for getting processed by all BeanPostProcessors (for example: not eligible for auto-proxying)
2021-04-07 18:05:43.899 febs [restartedMain] INFO  o.s.c.s.PostProcessorRegistrationDelegate$BeanPostProcessorChecker - Bean 'sqlSessionFactory' of type [org.apache.ibatis.session.defaults.DefaultSqlSessionFactory] is not eligible for getting processed by all BeanPostProcessors (for example: not eligible for auto-proxying)
2021-04-07 18:05:43.946 febs [restartedMain] INFO  o.s.c.s.PostProcessorRegistrationDelegate$BeanPostProcessorChecker - Bean 'sqlSessionTemplate' of type [org.mybatis.spring.SqlSessionTemplate] is not eligible for getting processed by all BeanPostProcessors (for example: not eligible for auto-proxying)
2021-04-07 18:05:44.013 febs [restartedMain] INFO  o.s.c.s.PostProcessorRegistrationDelegate$BeanPostProcessorChecker - Bean 'roleMenuMapper' of type [org.mybatis.spring.mapper.MapperFactoryBean] is not eligible for getting processed by all BeanPostProcessors (for example: not eligible for auto-proxying)
2021-04-07 18:05:44.022 febs [restartedMain] INFO  o.s.c.s.PostProcessorRegistrationDelegate$BeanPostProcessorChecker - Bean 'roleMenuMapper' of type [com.sun.proxy.$Proxy144] is not eligible for getting processed by all BeanPostProcessors (for example: not eligible for auto-proxying)
2021-04-07 18:05:44.035 febs [restartedMain] INFO  o.s.c.s.PostProcessorRegistrationDelegate$BeanPostProcessorChecker - Bean 'userRoleMapper' of type [org.mybatis.spring.mapper.MapperFactoryBean] is not eligible for getting processed by all BeanPostProcessors (for example: not eligible for auto-proxying)
2021-04-07 18:05:44.036 febs [restartedMain] INFO  o.s.c.s.PostProcessorRegistrationDelegate$BeanPostProcessorChecker - Bean 'userRoleMapper' of type [com.sun.proxy.$Proxy145] is not eligible for getting processed by all BeanPostProcessors (for example: not eligible for auto-proxying)
2021-04-07 18:05:44.038 febs [restartedMain] INFO  o.s.c.s.PostProcessorRegistrationDelegate$BeanPostProcessorChecker - Bean 'userRoleService' of type [com.smart.brd.sys.system.service.impl.UserRoleServiceImpl] is not eligible for getting processed by all BeanPostProcessors (for example: not eligible for auto-proxying)
2021-04-07 18:05:44.109 febs [restartedMain] INFO  o.s.c.s.PostProcessorRegistrationDelegate$BeanPostProcessorChecker - Bean 'roleMenuService' of type [com.smart.brd.sys.system.service.impl.RoleMenuServiceImpl] is not eligible for getting processed by all BeanPostProcessors (for example: not eligible for auto-proxying)
2021-04-07 18:05:44.144 febs [restartedMain] INFO  o.s.c.s.PostProcessorRegistrationDelegate$BeanPostProcessorChecker - Bean 'userTokenServiceImpl' of type [com.smart.brd.sys.system.usertoken.service.impl.UserTokenServiceImpl] is not eligible for getting processed by all BeanPostProcessors (for example: not eligible for auto-proxying)
2021-04-07 18:05:44.150 febs [restartedMain] INFO  o.s.c.s.PostProcessorRegistrationDelegate$BeanPostProcessorChecker - Bean 'roleMapper' of type [org.mybatis.spring.mapper.MapperFactoryBean] is not eligible for getting processed by all BeanPostProcessors (for example: not eligible for auto-proxying)
2021-04-07 18:05:44.153 febs [restartedMain] INFO  o.s.c.s.PostProcessorRegistrationDelegate$BeanPostProcessorChecker - Bean 'roleMapper' of type [com.sun.proxy.$Proxy148] is not eligible for getting processed by all BeanPostProcessors (for example: not eligible for auto-proxying)
2021-04-07 18:05:44.154 febs [restartedMain] INFO  o.s.c.s.PostProcessorRegistrationDelegate$BeanPostProcessorChecker - Bean 'roleService' of type [com.smart.brd.sys.system.service.impl.RoleServiceImpl] is not eligible for getting processed by all BeanPostProcessors (for example: not eligible for auto-proxying)
2021-04-07 18:05:44.181 febs [restartedMain] INFO  o.s.c.s.PostProcessorRegistrationDelegate$BeanPostProcessorChecker - Bean 'menuMapper' of type [org.mybatis.spring.mapper.MapperFactoryBean] is not eligible for getting processed by all BeanPostProcessors (for example: not eligible for auto-proxying)
2021-04-07 18:05:44.182 febs [restartedMain] INFO  o.s.c.s.PostProcessorRegistrationDelegate$BeanPostProcessorChecker - Bean 'menuMapper' of type [com.sun.proxy.$Proxy150] is not eligible for getting processed by all BeanPostProcessors (for example: not eligible for auto-proxying)
2021-04-07 18:05:44.184 febs [restartedMain] INFO  o.s.c.s.PostProcessorRegistrationDelegate$BeanPostProcessorChecker - Bean 'menuService' of type [com.smart.brd.sys.system.service.impl.MenuServiceImpl] is not eligible for getting processed by all BeanPostProcessors (for example: not eligible for auto-proxying)
2021-04-07 18:05:44.267 febs [restartedMain] INFO  o.s.c.s.PostProcessorRegistrationDelegate$BeanPostProcessorChecker - Bean 'userConfigMapper' of type [org.mybatis.spring.mapper.MapperFactoryBean] is not eligible for getting processed by all BeanPostProcessors (for example: not eligible for auto-proxying)
2021-04-07 18:05:44.269 febs [restartedMain] INFO  o.s.c.s.PostProcessorRegistrationDelegate$BeanPostProcessorChecker - Bean 'userConfigMapper' of type [com.sun.proxy.$Proxy152] is not eligible for getting processed by all BeanPostProcessors (for example: not eligible for auto-proxying)
2021-04-07 18:05:44.272 febs [restartedMain] INFO  o.s.c.s.PostProcessorRegistrationDelegate$BeanPostProcessorChecker - Bean 'userConfigService' of type [com.smart.brd.sys.system.service.impl.UserConfigServiceImpl] is not eligible for getting processed by all BeanPostProcessors (for example: not eligible for auto-proxying)
2021-04-07 18:05:44.306 febs [restartedMain] INFO  o.s.c.s.PostProcessorRegistrationDelegate$BeanPostProcessorChecker - Bean 'deptMapper' of type [org.mybatis.spring.mapper.MapperFactoryBean] is not eligible for getting processed by all BeanPostProcessors (for example: not eligible for auto-proxying)
2021-04-07 18:05:44.308 febs [restartedMain] INFO  o.s.c.s.PostProcessorRegistrationDelegate$BeanPostProcessorChecker - Bean 'deptMapper' of type [com.sun.proxy.$Proxy154] is not eligible for getting processed by all BeanPostProcessors (for example: not eligible for auto-proxying)
2021-04-07 18:05:44.322 febs [restartedMain] INFO  o.s.c.s.PostProcessorRegistrationDelegate$BeanPostProcessorChecker - Bean 'userMapper' of type [org.mybatis.spring.mapper.MapperFactoryBean] is not eligible for getting processed by all BeanPostProcessors (for example: not eligible for auto-proxying)
2021-04-07 18:05:44.325 febs [restartedMain] INFO  o.s.c.s.PostProcessorRegistrationDelegate$BeanPostProcessorChecker - Bean 'userMapper' of type [com.sun.proxy.$Proxy155] is not eligible for getting processed by all BeanPostProcessors (for example: not eligible for auto-proxying)
2021-04-07 18:05:44.328 febs [restartedMain] INFO  o.s.c.s.PostProcessorRegistrationDelegate$BeanPostProcessorChecker - Bean 'userService' of type [com.smart.brd.sys.system.service.impl.UserServiceImpl] is not eligible for getting processed by all BeanPostProcessors (for example: not eligible for auto-proxying)
2021-04-07 18:05:44.362 febs [restartedMain] INFO  o.s.c.s.PostProcessorRegistrationDelegate$BeanPostProcessorChecker - Bean 'org.springframework.boot.autoconfigure.jackson.JacksonAutoConfiguration$JacksonObjectMapperConfiguration' of type [org.springframework.boot.autoconfigure.jackson.JacksonAutoConfiguration$JacksonObjectMapperConfiguration] is not eligible for getting processed by all BeanPostProcessors (for example: not eligible for auto-proxying)
2021-04-07 18:05:44.367 febs [restartedMain] INFO  o.s.c.s.PostProcessorRegistrationDelegate$BeanPostProcessorChecker - Bean 'org.springframework.boot.autoconfigure.jackson.JacksonAutoConfiguration$JacksonObjectMapperBuilderConfiguration' of type [org.springframework.boot.autoconfigure.jackson.JacksonAutoConfiguration$JacksonObjectMapperBuilderConfiguration] is not eligible for getting processed by all BeanPostProcessors (for example: not eligible for auto-proxying)
2021-04-07 18:05:44.374 febs [restartedMain] INFO  o.s.c.s.PostProcessorRegistrationDelegate$BeanPostProcessorChecker - Bean 'org.springframework.boot.autoconfigure.jackson.JacksonAutoConfiguration$Jackson2ObjectMapperBuilderCustomizerConfiguration' of type [org.springframework.boot.autoconfigure.jackson.JacksonAutoConfiguration$Jackson2ObjectMapperBuilderCustomizerConfiguration] is not eligible for getting processed by all BeanPostProcessors (for example: not eligible for auto-proxying)
2021-04-07 18:05:44.389 febs [restartedMain] INFO  o.s.c.s.PostProcessorRegistrationDelegate$BeanPostProcessorChecker - Bean 'spring.jackson-org.springframework.boot.autoconfigure.jackson.JacksonProperties' of type [org.springframework.boot.autoconfigure.jackson.JacksonProperties] is not eligible for getting processed by all BeanPostProcessors (for example: not eligible for auto-proxying)
2021-04-07 18:05:44.392 febs [restartedMain] INFO  o.s.c.s.PostProcessorRegistrationDelegate$BeanPostProcessorChecker - Bean 'standardJacksonObjectMapperBuilderCustomizer' of type [org.springframework.boot.autoconfigure.jackson.JacksonAutoConfiguration$Jackson2ObjectMapperBuilderCustomizerConfiguration$StandardJackson2ObjectMapperBuilderCustomizer] is not eligible for getting processed by all BeanPostProcessors (for example: not eligible for auto-proxying)
2021-04-07 18:05:44.401 febs [restartedMain] INFO  o.s.c.s.PostProcessorRegistrationDelegate$BeanPostProcessorChecker - Bean 'org.springframework.boot.autoconfigure.jackson.JacksonAutoConfiguration$ParameterNamesModuleConfiguration' of type [org.springframework.boot.autoconfigure.jackson.JacksonAutoConfiguration$ParameterNamesModuleConfiguration] is not eligible for getting processed by all BeanPostProcessors (for example: not eligible for auto-proxying)
2021-04-07 18:05:44.411 febs [restartedMain] INFO  o.s.c.s.PostProcessorRegistrationDelegate$BeanPostProcessorChecker - Bean 'parameterNamesModule' of type [com.fasterxml.jackson.module.paramnames.ParameterNamesModule] is not eligible for getting processed by all BeanPostProcessors (for example: not eligible for auto-proxying)
2021-04-07 18:05:44.422 febs [restartedMain] INFO  o.s.c.s.PostProcessorRegistrationDelegate$BeanPostProcessorChecker - Bean 'org.springframework.boot.autoconfigure.jackson.JacksonAutoConfiguration' of type [org.springframework.boot.autoconfigure.jackson.JacksonAutoConfiguration] is not eligible for getting processed by all BeanPostProcessors (for example: not eligible for auto-proxying)
2021-04-07 18:05:44.437 febs [restartedMain] INFO  o.s.c.s.PostProcessorRegistrationDelegate$BeanPostProcessorChecker - Bean 'jsonComponentModule' of type [org.springframework.boot.jackson.JsonComponentModule] is not eligible for getting processed by all BeanPostProcessors (for example: not eligible for auto-proxying)
2021-04-07 18:05:44.445 febs [restartedMain] INFO  o.s.c.s.PostProcessorRegistrationDelegate$BeanPostProcessorChecker - Bean 'org.springframework.data.web.config.SpringDataJacksonConfiguration' of type [org.springframework.data.web.config.SpringDataJacksonConfiguration] is not eligible for getting processed by all BeanPostProcessors (for example: not eligible for auto-proxying)
2021-04-07 18:05:44.455 febs [restartedMain] INFO  o.s.c.s.PostProcessorRegistrationDelegate$BeanPostProcessorChecker - Bean 'jacksonGeoModule' of type [org.springframework.data.geo.GeoModule] is not eligible for getting processed by all BeanPostProcessors (for example: not eligible for auto-proxying)
2021-04-07 18:05:44.463 febs [restartedMain] INFO  o.s.c.s.PostProcessorRegistrationDelegate$BeanPostProcessorChecker - Bean 'jacksonObjectMapperBuilder' of type [org.springframework.http.converter.json.Jackson2ObjectMapperBuilder] is not eligible for getting processed by all BeanPostProcessors (for example: not eligible for auto-proxying)
2021-04-07 18:05:44.507 febs [restartedMain] INFO  o.s.c.s.PostProcessorRegistrationDelegate$BeanPostProcessorChecker - Bean 'jacksonObjectMapper' of type [com.fasterxml.jackson.databind.ObjectMapper] is not eligible for getting processed by all BeanPostProcessors (for example: not eligible for auto-proxying)
2021-04-07 18:05:44.548 febs [restartedMain] INFO  o.s.c.s.PostProcessorRegistrationDelegate$BeanPostProcessorChecker - Bean 'cacheService' of type [com.smart.brd.sys.common.service.impl.CacheServiceImpl] is not eligible for getting processed by all BeanPostProcessors (for example: not eligible for auto-proxying)
2021-04-07 18:05:44.550 febs [restartedMain] INFO  o.s.c.s.PostProcessorRegistrationDelegate$BeanPostProcessorChecker - Bean 'userManager' of type [com.smart.brd.sys.system.manager.UserManager] is not eligible for getting processed by all BeanPostProcessors (for example: not eligible for auto-proxying)
2021-04-07 18:05:44.551 febs [restartedMain] INFO  o.s.c.s.PostProcessorRegistrationDelegate$BeanPostProcessorChecker - Bean 'shiroRealm' of type [com.smart.brd.sys.common.authentication.ShiroRealm] is not eligible for getting processed by all BeanPostProcessors (for example: not eligible for auto-proxying)
2021-04-07 18:05:44.573 febs [restartedMain] INFO  o.s.c.s.PostProcessorRegistrationDelegate$BeanPostProcessorChecker - Bean 'securityManager' of type [org.apache.shiro.web.mgt.DefaultWebSecurityManager] is not eligible for getting processed by all BeanPostProcessors (for example: not eligible for auto-proxying)
2021-04-07 18:05:44.614 febs [restartedMain] INFO  o.s.c.s.PostProcessorRegistrationDelegate$BeanPostProcessorChecker - Bean 'authorizationAttributeSourceAdvisor' of type [org.apache.shiro.spring.security.interceptor.AuthorizationAttributeSourceAdvisor] is not eligible for getting processed by all BeanPostProcessors (for example: not eligible for auto-proxying)
2021-04-07 18:05:45.566 febs [restartedMain] INFO  o.s.b.w.e.tomcat.TomcatWebServer - Tomcat initialized with port(s): 11101 (http)
2021-04-07 18:05:45.585 febs [restartedMain] INFO  o.a.coyote.http11.Http11NioProtocol - Initializing ProtocolHandler ["http-nio-11101"]
2021-04-07 18:05:45.586 febs [restartedMain] INFO  o.a.catalina.core.StandardService - Starting service [Tomcat]
2021-04-07 18:05:45.586 febs [restartedMain] INFO  o.a.catalina.core.StandardEngine - Starting Servlet engine: [Apache Tomcat/9.0.31]
2021-04-07 18:05:45.867 febs [restartedMain] INFO  o.a.c.c.C.[Tomcat].[localhost].[/] - Initializing Spring embedded WebApplicationContext
2021-04-07 18:05:45.867 febs [restartedMain] INFO  o.s.web.context.ContextLoader - Root WebApplicationContext: initialization completed in 9320 ms
2021-04-07 18:05:46.080 febs [restartedMain] INFO  c.n.c.sources.URLConfigurationSource - To enable URLs as dynamic configuration sources, define System property archaius.configurationSource.additionalUrls or make config.properties available on classpath.
2021-04-07 18:05:46.102 febs [restartedMain] INFO  c.n.config.DynamicPropertyFactory - DynamicPropertyFactory is initialized with configuration sources: com.netflix.config.ConcurrentCompositeConfiguration@2ff2f29e
2021-04-07 18:05:47.277 febs [restartedMain] INFO  org.quartz.impl.StdSchedulerFactory - Using default implementation for ThreadExecutor
2021-04-07 18:05:47.306 febs [restartedMain] INFO  o.quartz.core.SchedulerSignalerImpl - Initialized Scheduler Signaller of type: class org.quartz.core.SchedulerSignalerImpl
2021-04-07 18:05:47.307 febs [restartedMain] INFO  org.quartz.core.QuartzScheduler - Quartz Scheduler v.2.3.2 created.
2021-04-07 18:05:47.309 febs [restartedMain] INFO  org.quartz.simpl.RAMJobStore - RAMJobStore initialized.
2021-04-07 18:05:47.311 febs [restartedMain] INFO  org.quartz.core.QuartzScheduler - Scheduler meta-data: Quartz Scheduler (v2.3.2) 'quartzScheduler' with instanceId 'NON_CLUSTERED'
  Scheduler class: 'org.quartz.core.QuartzScheduler' - running locally.
  NOT STARTED.
  Currently in standby mode.
  Number of jobs executed: 0
  Using thread pool 'org.quartz.simpl.SimpleThreadPool' - with 10 threads.
  Using job-store 'org.quartz.simpl.RAMJobStore' - which does not support persistence. and is not clustered.

2021-04-07 18:05:47.311 febs [restartedMain] INFO  org.quartz.impl.StdSchedulerFactory - Quartz scheduler 'quartzScheduler' initialized from an externally provided properties instance.
2021-04-07 18:05:47.311 febs [restartedMain] INFO  org.quartz.impl.StdSchedulerFactory - Quartz scheduler version: 2.3.2
2021-04-07 18:05:47.311 febs [restartedMain] INFO  org.quartz.core.QuartzScheduler - JobFactory set to: org.springframework.scheduling.quartz.SpringBeanJobFactory@701b7d7a
2021-04-07 18:05:47.397 febs [restartedMain] INFO  p6spy - 2021-04-07 18:05:47 | 耗时 5 ms | SQL 语句：
select job_id jobId, bean_name beanName, method_name methodName, params, cron_expression cronExpression, status, remark, create_time createTime from t_job order by job_id;
2021-04-07 18:05:48.820 febs [restartedMain] INFO  o.s.b.a.e.web.EndpointLinksResolver - Exposing 1 endpoint(s) beneath base path '/actuator'
2021-04-07 18:05:49.122 febs [restartedMain] INFO  o.s.s.c.ThreadPoolTaskExecutor - Initializing ExecutorService 'taskExecutor'
2021-04-07 18:05:49.534 febs [restartedMain] INFO  s.d.s.w.PropertySourcedRequestMappingHandlerMapping - Mapped URL path [/v2/api-docs] onto method [springfox.documentation.swagger2.web.Swagger2Controller#getDocumentation(String, HttpServletRequest)]
2021-04-07 18:05:49.600 febs [restartedMain] INFO  c.n.c.sources.URLConfigurationSource - To enable URLs as dynamic configuration sources, define System property archaius.configurationSource.additionalUrls or make config.properties available on classpath.
2021-04-07 18:05:50.156 febs [restartedMain] INFO  o.s.s.c.ThreadPoolTaskScheduler - Initializing ExecutorService 'taskScheduler'
2021-04-07 18:05:50.173 febs [restartedMain] INFO  com.alibaba.nacos.client.naming - initializer namespace from System Property :null
2021-04-07 18:05:50.173 febs [restartedMain] INFO  com.alibaba.nacos.client.naming - initializer namespace from System Environment :null
2021-04-07 18:05:50.173 febs [restartedMain] INFO  com.alibaba.nacos.client.naming - initializer namespace from System Property :null
2021-04-07 18:05:51.435 febs [restartedMain] INFO  s.d.s.w.p.DocumentationPluginsBootstrapper - Context refreshed
2021-04-07 18:05:51.449 febs [restartedMain] INFO  s.d.s.w.p.DocumentationPluginsBootstrapper - Found 1 custom documentation plugin(s)
2021-04-07 18:05:51.530 febs [restartedMain] INFO  s.d.s.w.s.ApiListingReferenceScanner - Scanning for api listing references
2021-04-07 18:05:51.555 febs [restartedMain] INFO  o.s.s.quartz.SchedulerFactoryBean - Starting Quartz Scheduler now
2021-04-07 18:05:51.555 febs [restartedMain] INFO  org.quartz.core.QuartzScheduler - Scheduler quartzScheduler_$_NON_CLUSTERED started.
2021-04-07 18:05:51.575 febs [restartedMain] INFO  o.a.coyote.http11.Http11NioProtocol - Starting ProtocolHandler ["http-nio-11101"]
2021-04-07 18:05:51.622 febs [restartedMain] INFO  o.s.b.w.e.tomcat.TomcatWebServer - Tomcat started on port(s): 11101 (http) with context path ''
2021-04-07 18:05:51.703 febs [scheduling-1] INFO  c.s.brd.sys.common.task.CacheTask - delete expired user
2021-04-07 18:05:51.627 febs [restartedMain] INFO  com.alibaba.nacos.client.naming - [BEAT] adding beat: {"cluster":"DEFAULT","ip":"192.168.0.101","metadata":{"preserved.register.source":"SPRING_CLOUD"},"period":5000,"port":11101,"scheduled":false,"serviceName":"DEFAULT_GROUP@@brd-sys2","stopped":false,"weight":1.0} to beat map.
2021-04-07 18:05:51.755 febs [restartedMain] INFO  com.alibaba.nacos.client.naming - [REGISTER-SERVICE] public registering service DEFAULT_GROUP@@brd-sys2 with instance: {"clusterName":"DEFAULT","enabled":true,"ephemeral":true,"healthy":true,"instanceHeartBeatInterval":5000,"instanceHeartBeatTimeOut":15000,"ip":"192.168.0.101","ipDeleteTimeout":30000,"metadata":{"preserved.register.source":"SPRING_CLOUD"},"port":11101,"weight":1.0}
2021-04-07 18:05:51.902 febs [restartedMain] INFO  c.a.c.n.r.NacosServiceRegistry - nacos registry, DEFAULT_GROUP brd-sys2 192.168.0.101:11101 register finished
2021-04-07 18:05:52.222 febs [restartedMain] INFO  com.smart.brd.sys.BrdSysApplication - Started BrdSysApplication in 17.777 seconds (JVM running for 19.173)
2021-04-07 18:05:52.231 febs [restartedMain] INFO  c.s.b.s.c.runner.CacheInitRunner - Redis连接中 ······
2021-04-07 18:05:52.238 febs [restartedMain] INFO  c.s.b.s.c.runner.CacheInitRunner - 缓存初始化 ······
2021-04-07 18:05:52.239 febs [restartedMain] INFO  c.s.b.s.c.runner.CacheInitRunner - 缓存用户数据 ······
2021-04-07 18:05:52.345 febs [restartedMain] INFO  p6spy - 2021-04-07 18:05:52 | 耗时 11 ms | SQL 语句：
SELECT USER_ID,username,password,dept_id,tenant_id,email,mobile,status,create_time,modify_time,last_login_time,gender,description,avatar,expire_time,user_type,open_id,is_xcx,is_show,create_dept,province,city,county,town,housing FROM t_user;
2021-04-07 18:05:52.393 febs [restartedMain] INFO  p6spy - 2021-04-07 18:05:52 | 耗时 11 ms | SQL 语句：
SELECT u.user_id userId, u.username, u.password, u.email, u.mobile, u.STATUS, u.create_time createTime, u.gender, u.is_xcx isXcx, u.is_show isShow, d.dept_id deptId, d.dept_name deptName, u.AVATAR, u.DESCRIPTION, u.LAST_LOGIN_TIME lastLoginTime, u.EXPIRE_TIME, u.province, u.city, u.county, u.town, u.housing, GROUP_CONCAT(r.role_id) roleId, GROUP_CONCAT(r.ROLE_NAME) roleName FROM t_user u LEFT JOIN t_dept d ON (u.dept_id = d.dept_id) LEFT JOIN t_user_role ur ON (u.user_id = ur.user_id) LEFT JOIN t_role r ON r.role_id = ur.role_id WHERE u.username = 'sysadmin' group by u.username, u.user_id, u.password, u.email, u.mobile, u.STATUS, u.create_time, u.gender, d.dept_id, d.dept_name, u.AVATAR, u.DESCRIPTION, u.LAST_LOGIN_TIME;
2021-04-07 18:05:52.569 febs [restartedMain] INFO  p6spy - 2021-04-07 18:05:52 | 耗时 6 ms | SQL 语句：
select r.* from t_role r left join t_user_role ur on (r.role_id = ur.role_id) left join t_user u on (u.user_id = ur.user_id) where u.username = 'sysadmin';
2021-04-07 18:05:52.611 febs [restartedMain] INFO  p6spy - 2021-04-07 18:05:52 | 耗时 6 ms | SQL 语句：
select distinct m.perms from t_role r left join t_user_role ur on (r.role_id = ur.role_id) left join t_user u on (u.user_id = ur.user_id) left join t_role_menu rm on (rm.role_id = r.role_id) left join t_menu m on (m.menu_id = rm.menu_id) where u.username = 'sysadmin' and m.perms is not null and m.perms <> '';
2021-04-07 18:05:52.643 febs [restartedMain] INFO  p6spy - 2021-04-07 18:05:52 | 耗时 5 ms | SQL 语句：
SELECT USER_ID,theme,layout,multi_page,fix_siderbar,fix_header,color FROM t_user_config WHERE USER_ID='-1';
2021-04-07 18:05:52.703 febs [restartedMain] INFO  p6spy - 2021-04-07 18:05:52 | 耗时 54 ms | SQL 语句：
SELECT u.user_id userId, u.username, u.password, u.email, u.mobile, u.STATUS, u.create_time createTime, u.gender, u.is_xcx isXcx, u.is_show isShow, d.dept_id deptId, d.dept_name deptName, u.AVATAR, u.DESCRIPTION, u.LAST_LOGIN_TIME lastLoginTime, u.EXPIRE_TIME, u.province, u.city, u.county, u.town, u.housing, GROUP_CONCAT(r.role_id) roleId, GROUP_CONCAT(r.ROLE_NAME) roleName FROM t_user u LEFT JOIN t_dept d ON (u.dept_id = d.dept_id) LEFT JOIN t_user_role ur ON (u.user_id = ur.user_id) LEFT JOIN t_role r ON r.role_id = ur.role_id WHERE u.username = 'chengcheng1' group by u.username, u.user_id, u.password, u.email, u.mobile, u.STATUS, u.create_time, u.gender, d.dept_id, d.dept_name, u.AVATAR, u.DESCRIPTION, u.LAST_LOGIN_TIME;
2021-04-07 18:05:52.761 febs [restartedMain] INFO  p6spy - 2021-04-07 18:05:52 | 耗时 5 ms | SQL 语句：
select r.* from t_role r left join t_user_role ur on (r.role_id = ur.role_id) left join t_user u on (u.user_id = ur.user_id) where u.username = 'chengcheng1';
2021-04-07 18:05:52.781 febs [restartedMain] INFO  p6spy - 2021-04-07 18:05:52 | 耗时 5 ms | SQL 语句：
select distinct m.perms from t_role r left join t_user_role ur on (r.role_id = ur.role_id) left join t_user u on (u.user_id = ur.user_id) left join t_role_menu rm on (rm.role_id = r.role_id) left join t_menu m on (m.menu_id = rm.menu_id) where u.username = 'chengcheng1' and m.perms is not null and m.perms <> '';
2021-04-07 18:05:52.801 febs [restartedMain] INFO  p6spy - 2021-04-07 18:05:52 | 耗时 5 ms | SQL 语句：
SELECT USER_ID,theme,layout,multi_page,fix_siderbar,fix_header,color FROM t_user_config WHERE USER_ID='163';
2021-04-07 18:05:52.873 febs [restartedMain] INFO  p6spy - 2021-04-07 18:05:52 | 耗时 54 ms | SQL 语句：
SELECT u.user_id userId, u.username, u.password, u.email, u.mobile, u.STATUS, u.create_time createTime, u.gender, u.is_xcx isXcx, u.is_show isShow, d.dept_id deptId, d.dept_name deptName, u.AVATAR, u.DESCRIPTION, u.LAST_LOGIN_TIME lastLoginTime, u.EXPIRE_TIME, u.province, u.city, u.county, u.town, u.housing, GROUP_CONCAT(r.role_id) roleId, GROUP_CONCAT(r.ROLE_NAME) roleName FROM t_user u LEFT JOIN t_dept d ON (u.dept_id = d.dept_id) LEFT JOIN t_user_role ur ON (u.user_id = ur.user_id) LEFT JOIN t_role r ON r.role_id = ur.role_id WHERE u.username = 'yulin1' group by u.username, u.user_id, u.password, u.email, u.mobile, u.STATUS, u.create_time, u.gender, d.dept_id, d.dept_name, u.AVATAR, u.DESCRIPTION, u.LAST_LOGIN_TIME;
2021-04-07 18:05:52.935 febs [restartedMain] INFO  p6spy - 2021-04-07 18:05:52 | 耗时 6 ms | SQL 语句：
select r.* from t_role r left join t_user_role ur on (r.role_id = ur.role_id) left join t_user u on (u.user_id = ur.user_id) where u.username = 'yulin1';
2021-04-07 18:05:52.960 febs [restartedMain] INFO  p6spy - 2021-04-07 18:05:52 | 耗时 6 ms | SQL 语句：
select distinct m.perms from t_role r left join t_user_role ur on (r.role_id = ur.role_id) left join t_user u on (u.user_id = ur.user_id) left join t_role_menu rm on (rm.role_id = r.role_id) left join t_menu m on (m.menu_id = rm.menu_id) where u.username = 'yulin1' and m.perms is not null and m.perms <> '';
2021-04-07 18:05:52.980 febs [restartedMain] INFO  p6spy - 2021-04-07 18:05:52 | 耗时 6 ms | SQL 语句：
SELECT USER_ID,theme,layout,multi_page,fix_siderbar,fix_header,color FROM t_user_config WHERE USER_ID='164';
2021-04-07 18:05:53.050 febs [restartedMain] INFO  p6spy - 2021-04-07 18:05:53 | 耗时 53 ms | SQL 语句：
SELECT u.user_id userId, u.username, u.password, u.email, u.mobile, u.STATUS, u.create_time createTime, u.gender, u.is_xcx isXcx, u.is_show isShow, d.dept_id deptId, d.dept_name deptName, u.AVATAR, u.DESCRIPTION, u.LAST_LOGIN_TIME lastLoginTime, u.EXPIRE_TIME, u.province, u.city, u.county, u.town, u.housing, GROUP_CONCAT(r.role_id) roleId, GROUP_CONCAT(r.ROLE_NAME) roleName FROM t_user u LEFT JOIN t_dept d ON (u.dept_id = d.dept_id) LEFT JOIN t_user_role ur ON (u.user_id = ur.user_id) LEFT JOIN t_role r ON r.role_id = ur.role_id WHERE u.username = 'chengchengyonghu1' group by u.username, u.user_id, u.password, u.email, u.mobile, u.STATUS, u.create_time, u.gender, d.dept_id, d.dept_name, u.AVATAR, u.DESCRIPTION, u.LAST_LOGIN_TIME;
2021-04-07 18:05:53.114 febs [restartedMain] INFO  p6spy - 2021-04-07 18:05:53 | 耗时 5 ms | SQL 语句：
select r.* from t_role r left join t_user_role ur on (r.role_id = ur.role_id) left join t_user u on (u.user_id = ur.user_id) where u.username = 'chengchengyonghu1';
2021-04-07 18:05:53.137 febs [restartedMain] INFO  p6spy - 2021-04-07 18:05:53 | 耗时 5 ms | SQL 语句：
select distinct m.perms from t_role r left join t_user_role ur on (r.role_id = ur.role_id) left join t_user u on (u.user_id = ur.user_id) left join t_role_menu rm on (rm.role_id = r.role_id) left join t_menu m on (m.menu_id = rm.menu_id) where u.username = 'chengchengyonghu1' and m.perms is not null and m.perms <> '';
2021-04-07 18:05:53.146 febs [restartedMain] INFO  p6spy - 2021-04-07 18:05:53 | 耗时 6 ms | SQL 语句：
SELECT USER_ID,theme,layout,multi_page,fix_siderbar,fix_header,color FROM t_user_config WHERE USER_ID='173';
2021-04-07 18:05:53.217 febs [restartedMain] INFO  p6spy - 2021-04-07 18:05:53 | 耗时 55 ms | SQL 语句：
SELECT u.user_id userId, u.username, u.password, u.email, u.mobile, u.STATUS, u.create_time createTime, u.gender, u.is_xcx isXcx, u.is_show isShow, d.dept_id deptId, d.dept_name deptName, u.AVATAR, u.DESCRIPTION, u.LAST_LOGIN_TIME lastLoginTime, u.EXPIRE_TIME, u.province, u.city, u.county, u.town, u.housing, GROUP_CONCAT(r.role_id) roleId, GROUP_CONCAT(r.ROLE_NAME) roleName FROM t_user u LEFT JOIN t_dept d ON (u.dept_id = d.dept_id) LEFT JOIN t_user_role ur ON (u.user_id = ur.user_id) LEFT JOIN t_role r ON r.role_id = ur.role_id WHERE u.username = 'chengchengyonghu2' group by u.username, u.user_id, u.password, u.email, u.mobile, u.STATUS, u.create_time, u.gender, d.dept_id, d.dept_name, u.AVATAR, u.DESCRIPTION, u.LAST_LOGIN_TIME;
2021-04-07 18:05:53.279 febs [restartedMain] INFO  p6spy - 2021-04-07 18:05:53 | 耗时 6 ms | SQL 语句：
select r.* from t_role r left join t_user_role ur on (r.role_id = ur.role_id) left join t_user u on (u.user_id = ur.user_id) where u.username = 'chengchengyonghu2';
2021-04-07 18:05:53.307 febs [restartedMain] INFO  p6spy - 2021-04-07 18:05:53 | 耗时 6 ms | SQL 语句：
select distinct m.perms from t_role r left join t_user_role ur on (r.role_id = ur.role_id) left join t_user u on (u.user_id = ur.user_id) left join t_role_menu rm on (rm.role_id = r.role_id) left join t_menu m on (m.menu_id = rm.menu_id) where u.username = 'chengchengyonghu2' and m.perms is not null and m.perms <> '';
2021-04-07 18:05:53.321 febs [restartedMain] INFO  p6spy - 2021-04-07 18:05:53 | 耗时 6 ms | SQL 语句：
SELECT USER_ID,theme,layout,multi_page,fix_siderbar,fix_header,color FROM t_user_config WHERE USER_ID='174';
2021-04-07 18:05:53.393 febs [restartedMain] INFO  p6spy - 2021-04-07 18:05:53 | 耗时 55 ms | SQL 语句：
SELECT u.user_id userId, u.username, u.password, u.email, u.mobile, u.STATUS, u.create_time createTime, u.gender, u.is_xcx isXcx, u.is_show isShow, d.dept_id deptId, d.dept_name deptName, u.AVATAR, u.DESCRIPTION, u.LAST_LOGIN_TIME lastLoginTime, u.EXPIRE_TIME, u.province, u.city, u.county, u.town, u.housing, GROUP_CONCAT(r.role_id) roleId, GROUP_CONCAT(r.ROLE_NAME) roleName FROM t_user u LEFT JOIN t_dept d ON (u.dept_id = d.dept_id) LEFT JOIN t_user_role ur ON (u.user_id = ur.user_id) LEFT JOIN t_role r ON r.role_id = ur.role_id WHERE u.username = 'chengcheng' group by u.username, u.user_id, u.password, u.email, u.mobile, u.STATUS, u.create_time, u.gender, d.dept_id, d.dept_name, u.AVATAR, u.DESCRIPTION, u.LAST_LOGIN_TIME;
2021-04-07 18:05:53.454 febs [restartedMain] INFO  p6spy - 2021-04-07 18:05:53 | 耗时 6 ms | SQL 语句：
select r.* from t_role r left join t_user_role ur on (r.role_id = ur.role_id) left join t_user u on (u.user_id = ur.user_id) where u.username = 'chengcheng';
2021-04-07 18:05:53.473 febs [restartedMain] INFO  p6spy - 2021-04-07 18:05:53 | 耗时 6 ms | SQL 语句：
select distinct m.perms from t_role r left join t_user_role ur on (r.role_id = ur.role_id) left join t_user u on (u.user_id = ur.user_id) left join t_role_menu rm on (rm.role_id = r.role_id) left join t_menu m on (m.menu_id = rm.menu_id) where u.username = 'chengcheng' and m.perms is not null and m.perms <> '';
2021-04-07 18:05:53.479 febs [restartedMain] INFO  p6spy - 2021-04-07 18:05:53 | 耗时 5 ms | SQL 语句：
SELECT USER_ID,theme,layout,multi_page,fix_siderbar,fix_header,color FROM t_user_config WHERE USER_ID='175';
2021-04-07 18:05:53.546 febs [restartedMain] INFO  p6spy - 2021-04-07 18:05:53 | 耗时 54 ms | SQL 语句：
SELECT u.user_id userId, u.username, u.password, u.email, u.mobile, u.STATUS, u.create_time createTime, u.gender, u.is_xcx isXcx, u.is_show isShow, d.dept_id deptId, d.dept_name deptName, u.AVATAR, u.DESCRIPTION, u.LAST_LOGIN_TIME lastLoginTime, u.EXPIRE_TIME, u.province, u.city, u.county, u.town, u.housing, GROUP_CONCAT(r.role_id) roleId, GROUP_CONCAT(r.ROLE_NAME) roleName FROM t_user u LEFT JOIN t_dept d ON (u.dept_id = d.dept_id) LEFT JOIN t_user_role ur ON (u.user_id = ur.user_id) LEFT JOIN t_role r ON r.role_id = ur.role_id WHERE u.username = 'yulinyonghu1' group by u.username, u.user_id, u.password, u.email, u.mobile, u.STATUS, u.create_time, u.gender, d.dept_id, d.dept_name, u.AVATAR, u.DESCRIPTION, u.LAST_LOGIN_TIME;
2021-04-07 18:05:53.611 febs [restartedMain] INFO  p6spy - 2021-04-07 18:05:53 | 耗时 6 ms | SQL 语句：
select r.* from t_role r left join t_user_role ur on (r.role_id = ur.role_id) left join t_user u on (u.user_id = ur.user_id) where u.username = 'yulinyonghu1';
2021-04-07 18:05:53.637 febs [restartedMain] INFO  p6spy - 2021-04-07 18:05:53 | 耗时 6 ms | SQL 语句：
select distinct m.perms from t_role r left join t_user_role ur on (r.role_id = ur.role_id) left join t_user u on (u.user_id = ur.user_id) left join t_role_menu rm on (rm.role_id = r.role_id) left join t_menu m on (m.menu_id = rm.menu_id) where u.username = 'yulinyonghu1' and m.perms is not null and m.perms <> '';
2021-04-07 18:05:53.652 febs [restartedMain] INFO  p6spy - 2021-04-07 18:05:53 | 耗时 9 ms | SQL 语句：
SELECT USER_ID,theme,layout,multi_page,fix_siderbar,fix_header,color FROM t_user_config WHERE USER_ID='178';
2021-04-07 18:05:53.728 febs [restartedMain] INFO  p6spy - 2021-04-07 18:05:53 | 耗时 56 ms | SQL 语句：
SELECT u.user_id userId, u.username, u.password, u.email, u.mobile, u.STATUS, u.create_time createTime, u.gender, u.is_xcx isXcx, u.is_show isShow, d.dept_id deptId, d.dept_name deptName, u.AVATAR, u.DESCRIPTION, u.LAST_LOGIN_TIME lastLoginTime, u.EXPIRE_TIME, u.province, u.city, u.county, u.town, u.housing, GROUP_CONCAT(r.role_id) roleId, GROUP_CONCAT(r.ROLE_NAME) roleName FROM t_user u LEFT JOIN t_dept d ON (u.dept_id = d.dept_id) LEFT JOIN t_user_role ur ON (u.user_id = ur.user_id) LEFT JOIN t_role r ON r.role_id = ur.role_id WHERE u.username = 'yulinyonghu2' group by u.username, u.user_id, u.password, u.email, u.mobile, u.STATUS, u.create_time, u.gender, d.dept_id, d.dept_name, u.AVATAR, u.DESCRIPTION, u.LAST_LOGIN_TIME;
2021-04-07 18:05:53.806 febs [restartedMain] INFO  p6spy - 2021-04-07 18:05:53 | 耗时 6 ms | SQL 语句：
select r.* from t_role r left join t_user_role ur on (r.role_id = ur.role_id) left join t_user u on (u.user_id = ur.user_id) where u.username = 'yulinyonghu2';
2021-04-07 18:05:53.910 febs [restartedMain] INFO  p6spy - 2021-04-07 18:05:53 | 耗时 6 ms | SQL 语句：
select distinct m.perms from t_role r left join t_user_role ur on (r.role_id = ur.role_id) left join t_user u on (u.user_id = ur.user_id) left join t_role_menu rm on (rm.role_id = r.role_id) left join t_menu m on (m.menu_id = rm.menu_id) where u.username = 'yulinyonghu2' and m.perms is not null and m.perms <> '';
2021-04-07 18:05:53.922 febs [restartedMain] INFO  p6spy - 2021-04-07 18:05:53 | 耗时 6 ms | SQL 语句：
SELECT USER_ID,theme,layout,multi_page,fix_siderbar,fix_header,color FROM t_user_config WHERE USER_ID='179';
2021-04-07 18:05:53.995 febs [restartedMain] INFO  p6spy - 2021-04-07 18:05:53 | 耗时 56 ms | SQL 语句：
SELECT u.user_id userId, u.username, u.password, u.email, u.mobile, u.STATUS, u.create_time createTime, u.gender, u.is_xcx isXcx, u.is_show isShow, d.dept_id deptId, d.dept_name deptName, u.AVATAR, u.DESCRIPTION, u.LAST_LOGIN_TIME lastLoginTime, u.EXPIRE_TIME, u.province, u.city, u.county, u.town, u.housing, GROUP_CONCAT(r.role_id) roleId, GROUP_CONCAT(r.ROLE_NAME) roleName FROM t_user u LEFT JOIN t_dept d ON (u.dept_id = d.dept_id) LEFT JOIN t_user_role ur ON (u.user_id = ur.user_id) LEFT JOIN t_role r ON r.role_id = ur.role_id WHERE u.username = 'heyang1' group by u.username, u.user_id, u.password, u.email, u.mobile, u.STATUS, u.create_time, u.gender, d.dept_id, d.dept_name, u.AVATAR, u.DESCRIPTION, u.LAST_LOGIN_TIME;
2021-04-07 18:05:54.059 febs [restartedMain] INFO  p6spy - 2021-04-07 18:05:54 | 耗时 7 ms | SQL 语句：
select r.* from t_role r left join t_user_role ur on (r.role_id = ur.role_id) left join t_user u on (u.user_id = ur.user_id) where u.username = 'heyang1';
2021-04-07 18:05:54.085 febs [restartedMain] INFO  p6spy - 2021-04-07 18:05:54 | 耗时 6 ms | SQL 语句：
select distinct m.perms from t_role r left join t_user_role ur on (r.role_id = ur.role_id) left join t_user u on (u.user_id = ur.user_id) left join t_role_menu rm on (rm.role_id = r.role_id) left join t_menu m on (m.menu_id = rm.menu_id) where u.username = 'heyang1' and m.perms is not null and m.perms <> '';
2021-04-07 18:05:54.107 febs [restartedMain] INFO  p6spy - 2021-04-07 18:05:54 | 耗时 6 ms | SQL 语句：
SELECT USER_ID,theme,layout,multi_page,fix_siderbar,fix_header,color FROM t_user_config WHERE USER_ID='180';
2021-04-07 18:05:54.182 febs [restartedMain] INFO  p6spy - 2021-04-07 18:05:54 | 耗时 55 ms | SQL 语句：
SELECT u.user_id userId, u.username, u.password, u.email, u.mobile, u.STATUS, u.create_time createTime, u.gender, u.is_xcx isXcx, u.is_show isShow, d.dept_id deptId, d.dept_name deptName, u.AVATAR, u.DESCRIPTION, u.LAST_LOGIN_TIME lastLoginTime, u.EXPIRE_TIME, u.province, u.city, u.county, u.town, u.housing, GROUP_CONCAT(r.role_id) roleId, GROUP_CONCAT(r.ROLE_NAME) roleName FROM t_user u LEFT JOIN t_dept d ON (u.dept_id = d.dept_id) LEFT JOIN t_user_role ur ON (u.user_id = ur.user_id) LEFT JOIN t_role r ON r.role_id = ur.role_id WHERE u.username = 'linengyan' group by u.username, u.user_id, u.password, u.email, u.mobile, u.STATUS, u.create_time, u.gender, d.dept_id, d.dept_name, u.AVATAR, u.DESCRIPTION, u.LAST_LOGIN_TIME;
2021-04-07 18:05:54.247 febs [restartedMain] INFO  p6spy - 2021-04-07 18:05:54 | 耗时 6 ms | SQL 语句：
select r.* from t_role r left join t_user_role ur on (r.role_id = ur.role_id) left join t_user u on (u.user_id = ur.user_id) where u.username = 'linengyan';
2021-04-07 18:05:54.274 febs [restartedMain] INFO  p6spy - 2021-04-07 18:05:54 | 耗时 7 ms | SQL 语句：
select distinct m.perms from t_role r left join t_user_role ur on (r.role_id = ur.role_id) left join t_user u on (u.user_id = ur.user_id) left join t_role_menu rm on (rm.role_id = r.role_id) left join t_menu m on (m.menu_id = rm.menu_id) where u.username = 'linengyan' and m.perms is not null and m.perms <> '';
2021-04-07 18:05:54.298 febs [restartedMain] INFO  p6spy - 2021-04-07 18:05:54 | 耗时 6 ms | SQL 语句：
SELECT USER_ID,theme,layout,multi_page,fix_siderbar,fix_header,color FROM t_user_config WHERE USER_ID='183';
2021-04-07 18:05:54.373 febs [restartedMain] INFO  p6spy - 2021-04-07 18:05:54 | 耗时 56 ms | SQL 语句：
SELECT u.user_id userId, u.username, u.password, u.email, u.mobile, u.STATUS, u.create_time createTime, u.gender, u.is_xcx isXcx, u.is_show isShow, d.dept_id deptId, d.dept_name deptName, u.AVATAR, u.DESCRIPTION, u.LAST_LOGIN_TIME lastLoginTime, u.EXPIRE_TIME, u.province, u.city, u.county, u.town, u.housing, GROUP_CONCAT(r.role_id) roleId, GROUP_CONCAT(r.ROLE_NAME) roleName FROM t_user u LEFT JOIN t_dept d ON (u.dept_id = d.dept_id) LEFT JOIN t_user_role ur ON (u.user_id = ur.user_id) LEFT JOIN t_role r ON r.role_id = ur.role_id WHERE u.username = 'chengcheng2' group by u.username, u.user_id, u.password, u.email, u.mobile, u.STATUS, u.create_time, u.gender, d.dept_id, d.dept_name, u.AVATAR, u.DESCRIPTION, u.LAST_LOGIN_TIME;
2021-04-07 18:05:54.435 febs [restartedMain] INFO  p6spy - 2021-04-07 18:05:54 | 耗时 7 ms | SQL 语句：
select r.* from t_role r left join t_user_role ur on (r.role_id = ur.role_id) left join t_user u on (u.user_id = ur.user_id) where u.username = 'chengcheng2';
2021-04-07 18:05:54.459 febs [restartedMain] INFO  p6spy - 2021-04-07 18:05:54 | 耗时 6 ms | SQL 语句：
select distinct m.perms from t_role r left join t_user_role ur on (r.role_id = ur.role_id) left join t_user u on (u.user_id = ur.user_id) left join t_role_menu rm on (rm.role_id = r.role_id) left join t_menu m on (m.menu_id = rm.menu_id) where u.username = 'chengcheng2' and m.perms is not null and m.perms <> '';
2021-04-07 18:05:54.484 febs [restartedMain] INFO  p6spy - 2021-04-07 18:05:54 | 耗时 6 ms | SQL 语句：
SELECT USER_ID,theme,layout,multi_page,fix_siderbar,fix_header,color FROM t_user_config WHERE USER_ID='184';
2021-04-07 18:05:54.552 febs [restartedMain] INFO  p6spy - 2021-04-07 18:05:54 | 耗时 55 ms | SQL 语句：
SELECT u.user_id userId, u.username, u.password, u.email, u.mobile, u.STATUS, u.create_time createTime, u.gender, u.is_xcx isXcx, u.is_show isShow, d.dept_id deptId, d.dept_name deptName, u.AVATAR, u.DESCRIPTION, u.LAST_LOGIN_TIME lastLoginTime, u.EXPIRE_TIME, u.province, u.city, u.county, u.town, u.housing, GROUP_CONCAT(r.role_id) roleId, GROUP_CONCAT(r.ROLE_NAME) roleName FROM t_user u LEFT JOIN t_dept d ON (u.dept_id = d.dept_id) LEFT JOIN t_user_role ur ON (u.user_id = ur.user_id) LEFT JOIN t_role r ON r.role_id = ur.role_id WHERE u.username = 'zhangsansan' group by u.username, u.user_id, u.password, u.email, u.mobile, u.STATUS, u.create_time, u.gender, d.dept_id, d.dept_name, u.AVATAR, u.DESCRIPTION, u.LAST_LOGIN_TIME;
2021-04-07 18:05:54.616 febs [restartedMain] INFO  p6spy - 2021-04-07 18:05:54 | 耗时 6 ms | SQL 语句：
select r.* from t_role r left join t_user_role ur on (r.role_id = ur.role_id) left join t_user u on (u.user_id = ur.user_id) where u.username = 'zhangsansan';
2021-04-07 18:05:54.642 febs [restartedMain] INFO  p6spy - 2021-04-07 18:05:54 | 耗时 6 ms | SQL 语句：
select distinct m.perms from t_role r left join t_user_role ur on (r.role_id = ur.role_id) left join t_user u on (u.user_id = ur.user_id) left join t_role_menu rm on (rm.role_id = r.role_id) left join t_menu m on (m.menu_id = rm.menu_id) where u.username = 'zhangsansan' and m.perms is not null and m.perms <> '';
2021-04-07 18:05:54.652 febs [restartedMain] INFO  p6spy - 2021-04-07 18:05:54 | 耗时 6 ms | SQL 语句：
SELECT USER_ID,theme,layout,multi_page,fix_siderbar,fix_header,color FROM t_user_config WHERE USER_ID='185';
2021-04-07 18:05:54.724 febs [restartedMain] INFO  p6spy - 2021-04-07 18:05:54 | 耗时 56 ms | SQL 语句：
SELECT u.user_id userId, u.username, u.password, u.email, u.mobile, u.STATUS, u.create_time createTime, u.gender, u.is_xcx isXcx, u.is_show isShow, d.dept_id deptId, d.dept_name deptName, u.AVATAR, u.DESCRIPTION, u.LAST_LOGIN_TIME lastLoginTime, u.EXPIRE_TIME, u.province, u.city, u.county, u.town, u.housing, GROUP_CONCAT(r.role_id) roleId, GROUP_CONCAT(r.ROLE_NAME) roleName FROM t_user u LEFT JOIN t_dept d ON (u.dept_id = d.dept_id) LEFT JOIN t_user_role ur ON (u.user_id = ur.user_id) LEFT JOIN t_role r ON r.role_id = ur.role_id WHERE u.username = 'bh' group by u.username, u.user_id, u.password, u.email, u.mobile, u.STATUS, u.create_time, u.gender, d.dept_id, d.dept_name, u.AVATAR, u.DESCRIPTION, u.LAST_LOGIN_TIME;
2021-04-07 18:05:54.789 febs [restartedMain] INFO  p6spy - 2021-04-07 18:05:54 | 耗时 6 ms | SQL 语句：
select r.* from t_role r left join t_user_role ur on (r.role_id = ur.role_id) left join t_user u on (u.user_id = ur.user_id) where u.username = 'bh';
2021-04-07 18:05:54.815 febs [restartedMain] INFO  p6spy - 2021-04-07 18:05:54 | 耗时 7 ms | SQL 语句：
select distinct m.perms from t_role r left join t_user_role ur on (r.role_id = ur.role_id) left join t_user u on (u.user_id = ur.user_id) left join t_role_menu rm on (rm.role_id = r.role_id) left join t_menu m on (m.menu_id = rm.menu_id) where u.username = 'bh' and m.perms is not null and m.perms <> '';
2021-04-07 18:05:54.826 febs [restartedMain] INFO  p6spy - 2021-04-07 18:05:54 | 耗时 6 ms | SQL 语句：
SELECT USER_ID,theme,layout,multi_page,fix_siderbar,fix_header,color FROM t_user_config WHERE USER_ID='186';
2021-04-07 18:05:54.840 febs [restartedMain] INFO  c.s.b.s.c.runner.StartedUpRunner -  __    ___   _      ___   _     ____ _____  ____ 
2021-04-07 18:05:54.840 febs [restartedMain] INFO  c.s.b.s.c.runner.StartedUpRunner - / /`  / / \ | |\/| | |_) | |   | |_   | |  | |_  
2021-04-07 18:05:54.840 febs [restartedMain] INFO  c.s.b.s.c.runner.StartedUpRunner - \_\_, \_\_/ |_|  | |_|   |_|__ |_|__  |_|  |_|__ 
2021-04-07 18:05:54.840 febs [restartedMain] INFO  c.s.b.s.c.runner.StartedUpRunner -                                                       
2021-04-07 18:05:54.842 febs [restartedMain] INFO  c.s.b.s.c.runner.StartedUpRunner - FEBS 启动完毕，时间：2021-04-07T18:05:54.842
2021-04-07 18:05:54.852 febs [restartedMain] INFO  c.a.n.c.config.impl.ClientWorker - [fixed-172.22.1.21_8500] [subscribe] brd-sys2+DEFAULT_GROUP
2021-04-07 18:05:54.854 febs [restartedMain] INFO  c.a.n.client.config.impl.CacheData - [fixed-172.22.1.21_8500] [add-listener] ok, tenant=, dataId=brd-sys2, group=DEFAULT_GROUP, cnt=1
2021-04-07 18:05:54.855 febs [restartedMain] INFO  c.a.n.c.config.impl.ClientWorker - [fixed-172.22.1.21_8500] [subscribe] brd-sys2.yaml+DEFAULT_GROUP
2021-04-07 18:05:54.855 febs [restartedMain] INFO  c.a.n.client.config.impl.CacheData - [fixed-172.22.1.21_8500] [add-listener] ok, tenant=, dataId=brd-sys2.yaml, group=DEFAULT_GROUP, cnt=1
2021-04-07 18:05:54.856 febs [restartedMain] INFO  c.a.n.c.config.impl.ClientWorker - [fixed-172.22.1.21_8500] [subscribe] brd-sys2-local.yaml+DEFAULT_GROUP
2021-04-07 18:05:54.856 febs [restartedMain] INFO  c.a.n.client.config.impl.CacheData - [fixed-172.22.1.21_8500] [add-listener] ok, tenant=, dataId=brd-sys2-local.yaml, group=DEFAULT_GROUP, cnt=1
2021-04-07 18:05:56.359 febs [http-nio-11101-exec-1] INFO  o.a.c.c.C.[Tomcat].[localhost].[/] - Initializing Spring DispatcherServlet 'dispatcherServlet'
2021-04-07 18:05:56.359 febs [http-nio-11101-exec-1] INFO  o.s.web.servlet.DispatcherServlet - Initializing Servlet 'dispatcherServlet'
2021-04-07 18:05:56.375 febs [http-nio-11101-exec-1] INFO  o.s.web.servlet.DispatcherServlet - Completed initialization in 16 ms
2021-04-07 18:05:56.687 febs [http-nio-11101-exec-1] INFO  c.s.b.sys.common.aspect.LimitAspect - IP:127.0.0.1 第 1 次访问key为 [limit_login127.0.0.1]，描述为 [登录接口] 的接口
2021-04-07 18:05:57.000 febs [http-nio-11101-exec-1] INFO  p6spy - 2021-04-07 18:05:57 | 耗时 11 ms | SQL 语句：
UPDATE t_user SET last_login_time='2021-04-07T18:05:56.944+0800', user_type=0 WHERE username = 'sysadmin';
2021-04-07 18:05:57.061 febs [http-nio-11101-exec-1] INFO  p6spy - 2021-04-07 18:05:57 | 耗时 55 ms | SQL 语句：
SELECT u.user_id userId, u.username, u.password, u.email, u.mobile, u.STATUS, u.create_time createTime, u.gender, u.is_xcx isXcx, u.is_show isShow, d.dept_id deptId, d.dept_name deptName, u.AVATAR, u.DESCRIPTION, u.LAST_LOGIN_TIME lastLoginTime, u.EXPIRE_TIME, u.province, u.city, u.county, u.town, u.housing, GROUP_CONCAT(r.role_id) roleId, GROUP_CONCAT(r.ROLE_NAME) roleName FROM t_user u LEFT JOIN t_dept d ON (u.dept_id = d.dept_id) LEFT JOIN t_user_role ur ON (u.user_id = ur.user_id) LEFT JOIN t_role r ON r.role_id = ur.role_id WHERE u.username = 'sysadmin' group by u.username, u.user_id, u.password, u.email, u.mobile, u.STATUS, u.create_time, u.gender, d.dept_id, d.dept_name, u.AVATAR, u.DESCRIPTION, u.LAST_LOGIN_TIME;
2021-04-07 18:05:57.285 febs [http-nio-11101-exec-1] INFO  p6spy - 2021-04-07 18:05:57 | 耗时 14 ms | SQL 语句：
INSERT INTO t_login_log ( username, login_time, location, ip ) VALUES ( 'sysadmin', '2021-04-07T18:05:57.144+0800', '内网IP|0|0|内网IP|内网IP', '127.0.0.1' );
2021-04-07 18:05:57.465 febs [http-nio-11101-exec-1] INFO  p6spy - 2021-04-07 18:05:57 | 耗时 5 ms | SQL 语句：
SELECT USER_ID,theme,layout,multi_page,fix_siderbar,fix_header,color FROM t_user_config WHERE USER_ID='-1';
2021-04-07 18:05:57.698 febs [http-nio-11101-exec-2] INFO  p6spy - 2021-04-07 18:05:57 | 耗时 62 ms | SQL 语句：
SELECT USER_ID,username,password,dept_id,tenant_id,email,mobile,status,create_time,modify_time,last_login_time,gender,description,avatar,expire_time,user_type,open_id,is_xcx,is_show,create_dept,province,city,county,town,housing FROM t_user WHERE username = 'sysadmin';
2021-04-07 18:05:58.086 febs [http-nio-11101-exec-3] INFO  c.s.b.s.c.authentication.JWTUtil - token is valid
2021-04-07 18:05:58.241 febs [http-nio-11101-exec-3] INFO  p6spy - 2021-04-07 18:05:58 | 耗时 10 ms | SQL 语句：
select m.* from t_menu m where m.type <> 1 and m.MENU_ID in (select distinct rm.menu_id from t_role_menu rm left join t_role r on (rm.role_id = r.role_id) left join t_user_role ur on (ur.role_id = r.role_id) left join t_user u on (u.user_id = ur.user_id) where u.username = 'sysadmin') order by m.order_num;
2021-04-07 18:06:02.112 febs [http-nio-11101-exec-4] INFO  c.s.b.s.c.authentication.JWTUtil - token is valid
2021-04-07 18:06:02.250 febs [http-nio-11101-exec-4] INFO  p6spy - 2021-04-07 18:06:02 | 耗时 6 ms | SQL 语句：
SELECT COUNT(1) FROM ( SELECT u.user_id userId, u.username, u.password, u.email, u.mobile, u.STATUS, u.create_time createTime, u.is_xcx isXcx, u.is_show isShow, u.gender, d.dept_id deptId, d.dept_name deptName, u.AVATAR, u.DESCRIPTION, u.LAST_LOGIN_TIME lastLoginTime, u.EXPIRE_TIME, u.province, u.city, u.county, u.town, u.housing, GROUP_CONCAT(r.role_id) roleId, GROUP_CONCAT(r.ROLE_NAME) roleName FROM t_user u LEFT JOIN t_dept d ON (u.dept_id = d.dept_id) LEFT JOIN t_user_role ur ON (u.user_id = ur.user_id) LEFT JOIN t_role r ON r.role_id = ur.role_id WHERE u.is_show = 1 and u.user_id > 0 group by u.username, u.user_id, u.password, u.email, u.mobile, u. STATUS, u.create_time, u.gender, d.dept_id, d.dept_name, u.AVATAR, u.DESCRIPTION, u.LAST_LOGIN_TIME ) TOTAL;
2021-04-07 18:06:02.276 febs [http-nio-11101-exec-4] INFO  p6spy - 2021-04-07 18:06:02 | 耗时 12 ms | SQL 语句：
SELECT u.user_id userId, u.username, u.password, u.email, u.mobile, u.STATUS, u.create_time createTime, u.is_xcx isXcx, u.is_show isShow, u.gender, d.dept_id deptId, d.dept_name deptName, u.AVATAR, u.DESCRIPTION, u.LAST_LOGIN_TIME lastLoginTime, u.EXPIRE_TIME, u.province, u.city, u.county, u.town, u.housing, GROUP_CONCAT(r.role_id) roleId, GROUP_CONCAT(r.ROLE_NAME) roleName FROM t_user u LEFT JOIN t_dept d ON (u.dept_id = d.dept_id) LEFT JOIN t_user_role ur ON (u.user_id = ur.user_id) LEFT JOIN t_role r ON r.role_id = ur.role_id WHERE u.is_show = 1 and u.user_id > 0 group by u.username, u.user_id, u.password, u.email, u.mobile, u. STATUS, u.create_time, u.gender, d.dept_id, d.dept_name, u.AVATAR, u.DESCRIPTION, u.LAST_LOGIN_TIME ORDER BY userId ASC LIMIT 0,10;
2021-04-07 18:06:03.526 febs [http-nio-11101-exec-5] INFO  c.s.b.s.c.authentication.JWTUtil - token is valid
2021-04-07 18:06:03.543 febs [http-nio-11101-exec-6] INFO  p6spy - 2021-04-07 18:06:03 | 耗时 10 ms | SQL 语句：
SELECT DEPT_ID,parent_id,type,dept_name,order_num,create_time,modify_time,dept_code,tenant_id,dept_address,longitude,latitude,province,city,county,town FROM t_dept ORDER BY order_num ASC;
2021-04-07 18:06:03.553 febs [http-nio-11101-exec-5] INFO  p6spy - 2021-04-07 18:06:03 | 耗时 4 ms | SQL 语句：
SELECT COUNT(1) FROM ( SELECT ROLE_ID,role_name,remark,create_time,modify_time,create_dept FROM t_role ) TOTAL;
2021-04-07 18:06:03.560 febs [http-nio-11101-exec-5] INFO  p6spy - 2021-04-07 18:06:03 | 耗时 5 ms | SQL 语句：
SELECT ROLE_ID,role_name,remark,create_time,modify_time,create_dept FROM t_role LIMIT 0,10;
2021-04-07 18:06:15.110 febs [http-nio-11101-exec-7] INFO  c.s.b.s.c.authentication.JWTUtil - token is valid
2021-04-07 18:06:15.165 febs [http-nio-11101-exec-7] INFO  p6spy - 2021-04-07 18:06:15 | 耗时 20 ms | SQL 语句：
SELECT USER_ID,username,password,dept_id,tenant_id,email,mobile,status,create_time,modify_time,last_login_time,gender,description,avatar,expire_time,user_type,open_id,is_xcx,is_show,create_dept,province,city,county,town,housing FROM t_user WHERE username = 'dukzzz';
2021-04-07 18:06:15.291 febs [http-nio-11101-exec-7] INFO  p6spy - 2021-04-07 18:06:15 | 耗时 63 ms | SQL 语句：
SELECT USER_ID,username,password,dept_id,tenant_id,email,mobile,status,create_time,modify_time,last_login_time,gender,description,avatar,expire_time,user_type,open_id,is_xcx,is_show,create_dept,province,city,county,town,housing FROM t_user WHERE username = 'dukzzz';
2021-04-07 18:06:15.344 febs [http-nio-11101-exec-7] INFO  p6spy - 2021-04-07 18:06:15 | 耗时 35 ms | SQL 语句：
INSERT INTO t_user ( username, password, dept_id, tenant_id, mobile, status, create_time, gender, avatar, user_type, is_xcx, is_show ) VALUES ( 'dukzzz', 'd1d5a3cce909262ce8772bae6e160617', 140558060232900608, 0, '13333333333', '1', '2021-04-07T18:06:15.292+0800', '2', 'default.jpg', 0, 0, 1 );
2021-04-07 18:06:15.362 febs [http-nio-11101-exec-7] INFO  p6spy - 2021-04-07 18:06:15 | 耗时 11 ms | SQL 语句：
INSERT INTO t_user_role ( user_id, role_id ) VALUES ( 187, 1 );
2021-04-07 18:06:15.379 febs [http-nio-11101-exec-7] INFO  p6spy - 2021-04-07 18:06:15 | 耗时 11 ms | SQL 语句：
INSERT INTO t_user_config ( USER_ID, theme, layout, multi_page, fix_siderbar, fix_header, color ) VALUES ( 187, 'dark', 'side', '0', '1', '1', 'rgb(66, 185, 131)' );
2021-04-07 18:06:15.437 febs [http-nio-11101-exec-7] INFO  p6spy - 2021-04-07 18:06:15 | 耗时 55 ms | SQL 语句：
SELECT u.user_id userId, u.username, u.password, u.email, u.mobile, u.STATUS, u.create_time createTime, u.gender, u.is_xcx isXcx, u.is_show isShow, d.dept_id deptId, d.dept_name deptName, u.AVATAR, u.DESCRIPTION, u.LAST_LOGIN_TIME lastLoginTime, u.EXPIRE_TIME, u.province, u.city, u.county, u.town, u.housing, GROUP_CONCAT(r.role_id) roleId, GROUP_CONCAT(r.ROLE_NAME) roleName FROM t_user u LEFT JOIN t_dept d ON (u.dept_id = d.dept_id) LEFT JOIN t_user_role ur ON (u.user_id = ur.user_id) LEFT JOIN t_role r ON r.role_id = ur.role_id WHERE u.username = 'dukzzz' group by u.username, u.user_id, u.password, u.email, u.mobile, u.STATUS, u.create_time, u.gender, d.dept_id, d.dept_name, u.AVATAR, u.DESCRIPTION, u.LAST_LOGIN_TIME;
2021-04-07 18:06:15.496 febs [http-nio-11101-exec-7] INFO  p6spy - 2021-04-07 18:06:15 | 耗时 5 ms | SQL 语句：
select r.* from t_role r left join t_user_role ur on (r.role_id = ur.role_id) left join t_user u on (u.user_id = ur.user_id) where u.username = 'dukzzz';
2021-04-07 18:06:15.514 febs [http-nio-11101-exec-7] INFO  p6spy - 2021-04-07 18:06:15 | 耗时 5 ms | SQL 语句：
select distinct m.perms from t_role r left join t_user_role ur on (r.role_id = ur.role_id) left join t_user u on (u.user_id = ur.user_id) left join t_role_menu rm on (rm.role_id = r.role_id) left join t_menu m on (m.menu_id = rm.menu_id) where u.username = 'dukzzz' and m.perms is not null and m.perms <> '';
2021-04-07 18:06:15.532 febs [http-nio-11101-exec-7] INFO  p6spy - 2021-04-07 18:06:15 | 耗时 6 ms | SQL 语句：
SELECT USER_ID,theme,layout,multi_page,fix_siderbar,fix_header,color FROM t_user_config WHERE USER_ID='187';
2021-04-07 18:06:15.648 febs [asyncTaskExecutor-1] INFO  p6spy - 2021-04-07 18:06:15 | 耗时 52 ms | SQL 语句：
INSERT INTO t_log ( username, operation, time, method, params, ip, create_time, location ) VALUES ( 'sysadmin', '新增用户', 424, 'com.smart.brd.sys.system.controller.UserController.addUser()', ' request: org.apache.shiro.web.servlet.ShiroHttpServletRequest@32015a2c user: "User(userId=187, username=dukzzz, password=d1d5a3cce909262ce8772bae6e160617, deptId=140558060232900608, deptIds=null, tenantId=0, deptName=null, email=null, mobile=13333333333, status=1, createTime=Wed Apr 07 18:06:15 CST 2021, modifyTime=null, lastLoginTime=null, gender=2, description=null, avatar=default.jpg, roleId=1, roleName=null, expireTime=null, sortField=null, sortOrder=null, createTimeFrom=null, createTimeTo=null, id=null, userType=0, condition=null, openId=null, isXcx=0, isShow=1, createDept=null, province=null, city=null, county=null, town=null, housing=null)"', '127.0.0.1', '2021-04-07T18:06:15.590+0800', '内网IP|0|0|内网IP|内网IP' );
2021-04-07 18:06:15.695 febs [http-nio-11101-exec-8] INFO  c.s.b.s.c.authentication.JWTUtil - token is valid
2021-04-07 18:06:15.757 febs [http-nio-11101-exec-8] INFO  p6spy - 2021-04-07 18:06:15 | 耗时 49 ms | SQL 语句：
SELECT COUNT(1) FROM ( SELECT u.user_id userId, u.username, u.password, u.email, u.mobile, u.STATUS, u.create_time createTime, u.is_xcx isXcx, u.is_show isShow, u.gender, d.dept_id deptId, d.dept_name deptName, u.AVATAR, u.DESCRIPTION, u.LAST_LOGIN_TIME lastLoginTime, u.EXPIRE_TIME, u.province, u.city, u.county, u.town, u.housing, GROUP_CONCAT(r.role_id) roleId, GROUP_CONCAT(r.ROLE_NAME) roleName FROM t_user u LEFT JOIN t_dept d ON (u.dept_id = d.dept_id) LEFT JOIN t_user_role ur ON (u.user_id = ur.user_id) LEFT JOIN t_role r ON r.role_id = ur.role_id WHERE u.is_show = 1 and u.user_id > 0 group by u.username, u.user_id, u.password, u.email, u.mobile, u. STATUS, u.create_time, u.gender, d.dept_id, d.dept_name, u.AVATAR, u.DESCRIPTION, u.LAST_LOGIN_TIME ) TOTAL;
2021-04-07 18:06:15.770 febs [http-nio-11101-exec-8] INFO  p6spy - 2021-04-07 18:06:15 | 耗时 11 ms | SQL 语句：
SELECT u.user_id userId, u.username, u.password, u.email, u.mobile, u.STATUS, u.create_time createTime, u.is_xcx isXcx, u.is_show isShow, u.gender, d.dept_id deptId, d.dept_name deptName, u.AVATAR, u.DESCRIPTION, u.LAST_LOGIN_TIME lastLoginTime, u.EXPIRE_TIME, u.province, u.city, u.county, u.town, u.housing, GROUP_CONCAT(r.role_id) roleId, GROUP_CONCAT(r.ROLE_NAME) roleName FROM t_user u LEFT JOIN t_dept d ON (u.dept_id = d.dept_id) LEFT JOIN t_user_role ur ON (u.user_id = ur.user_id) LEFT JOIN t_role r ON r.role_id = ur.role_id WHERE u.is_show = 1 and u.user_id > 0 group by u.username, u.user_id, u.password, u.email, u.mobile, u. STATUS, u.create_time, u.gender, d.dept_id, d.dept_name, u.AVATAR, u.DESCRIPTION, u.LAST_LOGIN_TIME ORDER BY userId ASC LIMIT 0,10;
2021-04-07 18:06:21.998 febs [http-nio-11101-exec-9] INFO  c.s.b.s.c.authentication.JWTUtil - token is valid
2021-04-07 18:06:22.036 febs [http-nio-11101-exec-9] INFO  p6spy - 2021-04-07 18:06:22 | 耗时 7 ms | SQL 语句：
SELECT COUNT(1) FROM ( SELECT u.user_id userId, u.username, u.password, u.email, u.mobile, u.STATUS, u.create_time createTime, u.is_xcx isXcx, u.is_show isShow, u.gender, d.dept_id deptId, d.dept_name deptName, u.AVATAR, u.DESCRIPTION, u.LAST_LOGIN_TIME lastLoginTime, u.EXPIRE_TIME, u.province, u.city, u.county, u.town, u.housing, GROUP_CONCAT(r.role_id) roleId, GROUP_CONCAT(r.ROLE_NAME) roleName FROM t_user u LEFT JOIN t_dept d ON (u.dept_id = d.dept_id) LEFT JOIN t_user_role ur ON (u.user_id = ur.user_id) LEFT JOIN t_role r ON r.role_id = ur.role_id WHERE u.is_show = 1 and u.user_id > 0 group by u.username, u.user_id, u.password, u.email, u.mobile, u. STATUS, u.create_time, u.gender, d.dept_id, d.dept_name, u.AVATAR, u.DESCRIPTION, u.LAST_LOGIN_TIME ) TOTAL;
2021-04-07 18:06:22.053 febs [http-nio-11101-exec-9] INFO  p6spy - 2021-04-07 18:06:22 | 耗时 12 ms | SQL 语句：
SELECT u.user_id userId, u.username, u.password, u.email, u.mobile, u.STATUS, u.create_time createTime, u.is_xcx isXcx, u.is_show isShow, u.gender, d.dept_id deptId, d.dept_name deptName, u.AVATAR, u.DESCRIPTION, u.LAST_LOGIN_TIME lastLoginTime, u.EXPIRE_TIME, u.province, u.city, u.county, u.town, u.housing, GROUP_CONCAT(r.role_id) roleId, GROUP_CONCAT(r.ROLE_NAME) roleName FROM t_user u LEFT JOIN t_dept d ON (u.dept_id = d.dept_id) LEFT JOIN t_user_role ur ON (u.user_id = ur.user_id) LEFT JOIN t_role r ON r.role_id = ur.role_id WHERE u.is_show = 1 and u.user_id > 0 group by u.username, u.user_id, u.password, u.email, u.mobile, u. STATUS, u.create_time, u.gender, d.dept_id, d.dept_name, u.AVATAR, u.DESCRIPTION, u.LAST_LOGIN_TIME ORDER BY userId ASC LIMIT 10,10;
2021-04-07 18:06:37.698 febs [http-nio-11101-exec-11] INFO  c.s.b.sys.common.aspect.LimitAspect - IP:127.0.0.1 第 2 次访问key为 [limit_login127.0.0.1]，描述为 [登录接口] 的接口
2021-04-07 18:06:37.732 febs [http-nio-11101-exec-11] INFO  p6spy - 2021-04-07 18:06:37 | 耗时 11 ms | SQL 语句：
UPDATE t_user SET last_login_time='2021-04-07T18:06:37.716+0800', user_type=0 WHERE username = 'chengcheng1';
2021-04-07 18:06:37.791 febs [http-nio-11101-exec-11] INFO  p6spy - 2021-04-07 18:06:37 | 耗时 56 ms | SQL 语句：
SELECT u.user_id userId, u.username, u.password, u.email, u.mobile, u.STATUS, u.create_time createTime, u.gender, u.is_xcx isXcx, u.is_show isShow, d.dept_id deptId, d.dept_name deptName, u.AVATAR, u.DESCRIPTION, u.LAST_LOGIN_TIME lastLoginTime, u.EXPIRE_TIME, u.province, u.city, u.county, u.town, u.housing, GROUP_CONCAT(r.role_id) roleId, GROUP_CONCAT(r.ROLE_NAME) roleName FROM t_user u LEFT JOIN t_dept d ON (u.dept_id = d.dept_id) LEFT JOIN t_user_role ur ON (u.user_id = ur.user_id) LEFT JOIN t_role r ON r.role_id = ur.role_id WHERE u.username = 'chengcheng1' group by u.username, u.user_id, u.password, u.email, u.mobile, u.STATUS, u.create_time, u.gender, d.dept_id, d.dept_name, u.AVATAR, u.DESCRIPTION, u.LAST_LOGIN_TIME;
2021-04-07 18:06:37.927 febs [http-nio-11101-exec-11] INFO  p6spy - 2021-04-07 18:06:37 | 耗时 5 ms | SQL 语句：
SELECT DEPT_ID,parent_id,type,dept_name,order_num,create_time,modify_time,dept_code,tenant_id,dept_address,longitude,latitude,province,city,county,town FROM t_dept WHERE parent_id = 140558060232900608;
2021-04-07 18:06:37.945 febs [http-nio-11101-exec-11] INFO  p6spy - 2021-04-07 18:06:37 | 耗时 10 ms | SQL 语句：
INSERT INTO t_login_log ( username, login_time, location, ip ) VALUES ( 'chengcheng1', '2021-04-07T18:06:37.933+0800', '内网IP|0|0|内网IP|内网IP', '127.0.0.1' );
2021-04-07 18:06:38.131 febs [http-nio-11101-exec-12] INFO  p6spy - 2021-04-07 18:06:38 | 耗时 11 ms | SQL 语句：
SELECT USER_ID,username,password,dept_id,tenant_id,email,mobile,status,create_time,modify_time,last_login_time,gender,description,avatar,expire_time,user_type,open_id,is_xcx,is_show,create_dept,province,city,county,town,housing FROM t_user WHERE username = 'chengcheng1';
2021-04-07 18:06:38.512 febs [http-nio-11101-exec-13] INFO  c.s.b.s.c.authentication.JWTUtil - token is valid
2021-04-07 18:06:38.535 febs [http-nio-11101-exec-13] INFO  p6spy - 2021-04-07 18:06:38 | 耗时 12 ms | SQL 语句：
select m.* from t_menu m where m.type <> 1 and m.MENU_ID in (select distinct rm.menu_id from t_role_menu rm left join t_role r on (rm.role_id = r.role_id) left join t_user_role ur on (ur.role_id = r.role_id) left join t_user u on (u.user_id = ur.user_id) where u.username = 'chengcheng1') order by m.order_num;
2021-04-07 18:06:38.922 febs [http-nio-11101-exec-14] INFO  c.s.b.s.c.authentication.JWTUtil - token is valid
2021-04-07 18:06:38.940 febs [http-nio-11101-exec-14] INFO  p6spy - 2021-04-07 18:06:38 | 耗时 7 ms | SQL 语句：
SELECT COUNT(1) FROM ( SELECT u.user_id userId, u.username, u.password, u.email, u.mobile, u.STATUS, u.create_time createTime, u.is_xcx isXcx, u.is_show isShow, u.gender, d.dept_id deptId, d.dept_name deptName, u.AVATAR, u.DESCRIPTION, u.LAST_LOGIN_TIME lastLoginTime, u.EXPIRE_TIME, u.province, u.city, u.county, u.town, u.housing, GROUP_CONCAT(r.role_id) roleId, GROUP_CONCAT(r.ROLE_NAME) roleName FROM t_user u LEFT JOIN t_dept d ON (u.dept_id = d.dept_id) LEFT JOIN t_user_role ur ON (u.user_id = ur.user_id) LEFT JOIN t_role r ON r.role_id = ur.role_id WHERE u.is_show = 1 and (u.dept_id = 140558060232900608 or u.create_dept = 140558060232900608) and u.user_id > 0 group by u.username, u.user_id, u.password, u.email, u.mobile, u. STATUS, u.create_time, u.gender, d.dept_id, d.dept_name, u.AVATAR, u.DESCRIPTION, u.LAST_LOGIN_TIME ) TOTAL;
2021-04-07 18:06:38.975 febs [http-nio-11101-exec-14] INFO  p6spy - 2021-04-07 18:06:38 | 耗时 33 ms | SQL 语句：
SELECT u.user_id userId, u.username, u.password, u.email, u.mobile, u.STATUS, u.create_time createTime, u.is_xcx isXcx, u.is_show isShow, u.gender, d.dept_id deptId, d.dept_name deptName, u.AVATAR, u.DESCRIPTION, u.LAST_LOGIN_TIME lastLoginTime, u.EXPIRE_TIME, u.province, u.city, u.county, u.town, u.housing, GROUP_CONCAT(r.role_id) roleId, GROUP_CONCAT(r.ROLE_NAME) roleName FROM t_user u LEFT JOIN t_dept d ON (u.dept_id = d.dept_id) LEFT JOIN t_user_role ur ON (u.user_id = ur.user_id) LEFT JOIN t_role r ON r.role_id = ur.role_id WHERE u.is_show = 1 and (u.dept_id = 140558060232900608 or u.create_dept = 140558060232900608) and u.user_id > 0 group by u.username, u.user_id, u.password, u.email, u.mobile, u. STATUS, u.create_time, u.gender, d.dept_id, d.dept_name, u.AVATAR, u.DESCRIPTION, u.LAST_LOGIN_TIME ORDER BY userId ASC LIMIT 0,10;
2021-04-07 18:06:44.796 febs [http-nio-11101-exec-15] INFO  c.s.b.s.c.authentication.JWTUtil - token is valid
2021-04-07 18:06:44.807 febs [http-nio-11101-exec-16] INFO  p6spy - 2021-04-07 18:06:44 | 耗时 6 ms | SQL 语句：
SELECT DEPT_ID,parent_id,type,dept_name,order_num,create_time,modify_time,dept_code,tenant_id,dept_address,longitude,latitude,province,city,county,town FROM t_dept WHERE DEPT_ID = 140558060232900608 ORDER BY order_num ASC;
2021-04-07 18:06:44.821 febs [http-nio-11101-exec-15] INFO  p6spy - 2021-04-07 18:06:44 | 耗时 5 ms | SQL 语句：
SELECT COUNT(1) FROM ( SELECT ROLE_ID,role_name,remark,create_time,modify_time,create_dept FROM t_role WHERE create_dept = 140558060232900608 ) TOTAL;
2021-04-07 18:06:44.828 febs [http-nio-11101-exec-15] INFO  p6spy - 2021-04-07 18:06:44 | 耗时 5 ms | SQL 语句：
SELECT ROLE_ID,role_name,remark,create_time,modify_time,create_dept FROM t_role WHERE create_dept = 140558060232900608 LIMIT 0,10;
2021-04-07 18:06:53.551 febs [http-nio-11101-exec-17] INFO  c.s.b.s.c.authentication.JWTUtil - token is valid
2021-04-07 18:06:53.602 febs [http-nio-11101-exec-17] INFO  p6spy - 2021-04-07 18:06:53 | 耗时 41 ms | SQL 语句：
SELECT USER_ID,username,password,dept_id,tenant_id,email,mobile,status,create_time,modify_time,last_login_time,gender,description,avatar,expire_time,user_type,open_id,is_xcx,is_show,create_dept,province,city,county,town,housing FROM t_user WHERE username = 'dukzzz2';
2021-04-07 18:06:53.710 febs [http-nio-11101-exec-17] INFO  p6spy - 2021-04-07 18:06:53 | 耗时 56 ms | SQL 语句：
SELECT USER_ID,username,password,dept_id,tenant_id,email,mobile,status,create_time,modify_time,last_login_time,gender,description,avatar,expire_time,user_type,open_id,is_xcx,is_show,create_dept,province,city,county,town,housing FROM t_user WHERE username = 'dukzzz2';
2021-04-07 18:06:53.761 febs [http-nio-11101-exec-17] INFO  p6spy - 2021-04-07 18:06:53 | 耗时 48 ms | SQL 语句：
INSERT INTO t_user ( username, password, dept_id, tenant_id, mobile, status, create_time, gender, avatar, user_type, is_xcx, is_show, create_dept ) VALUES ( 'dukzzz2', 'd1d99a198508746525df567a3ed30e6b', 140558060232900608, 0, '13333333333', '1', '2021-04-07T18:06:53.710+0800', '2', 'default.jpg', 0, 0, 1, 140558060232900608 );
2021-04-07 18:06:53.775 febs [http-nio-11101-exec-17] INFO  p6spy - 2021-04-07 18:06:53 | 耗时 11 ms | SQL 语句：
INSERT INTO t_user_role ( user_id, role_id ) VALUES ( 188, 28 );
2021-04-07 18:06:53.786 febs [http-nio-11101-exec-17] INFO  p6spy - 2021-04-07 18:06:53 | 耗时 8 ms | SQL 语句：
INSERT INTO t_user_config ( USER_ID, theme, layout, multi_page, fix_siderbar, fix_header, color ) VALUES ( 188, 'dark', 'side', '0', '1', '1', 'rgb(66, 185, 131)' );
2021-04-07 18:06:53.843 febs [http-nio-11101-exec-17] INFO  p6spy - 2021-04-07 18:06:53 | 耗时 55 ms | SQL 语句：
SELECT u.user_id userId, u.username, u.password, u.email, u.mobile, u.STATUS, u.create_time createTime, u.gender, u.is_xcx isXcx, u.is_show isShow, d.dept_id deptId, d.dept_name deptName, u.AVATAR, u.DESCRIPTION, u.LAST_LOGIN_TIME lastLoginTime, u.EXPIRE_TIME, u.province, u.city, u.county, u.town, u.housing, GROUP_CONCAT(r.role_id) roleId, GROUP_CONCAT(r.ROLE_NAME) roleName FROM t_user u LEFT JOIN t_dept d ON (u.dept_id = d.dept_id) LEFT JOIN t_user_role ur ON (u.user_id = ur.user_id) LEFT JOIN t_role r ON r.role_id = ur.role_id WHERE u.username = 'dukzzz2' group by u.username, u.user_id, u.password, u.email, u.mobile, u.STATUS, u.create_time, u.gender, d.dept_id, d.dept_name, u.AVATAR, u.DESCRIPTION, u.LAST_LOGIN_TIME;
2021-04-07 18:06:53.902 febs [http-nio-11101-exec-17] INFO  p6spy - 2021-04-07 18:06:53 | 耗时 5 ms | SQL 语句：
select r.* from t_role r left join t_user_role ur on (r.role_id = ur.role_id) left join t_user u on (u.user_id = ur.user_id) where u.username = 'dukzzz2';
2021-04-07 18:06:53.919 febs [http-nio-11101-exec-17] INFO  p6spy - 2021-04-07 18:06:53 | 耗时 6 ms | SQL 语句：
select distinct m.perms from t_role r left join t_user_role ur on (r.role_id = ur.role_id) left join t_user u on (u.user_id = ur.user_id) left join t_role_menu rm on (rm.role_id = r.role_id) left join t_menu m on (m.menu_id = rm.menu_id) where u.username = 'dukzzz2' and m.perms is not null and m.perms <> '';
2021-04-07 18:06:53.927 febs [http-nio-11101-exec-17] INFO  p6spy - 2021-04-07 18:06:53 | 耗时 5 ms | SQL 语句：
SELECT USER_ID,theme,layout,multi_page,fix_siderbar,fix_header,color FROM t_user_config WHERE USER_ID='188';
2021-04-07 18:06:53.975 febs [asyncTaskExecutor-2] INFO  p6spy - 2021-04-07 18:06:53 | 耗时 11 ms | SQL 语句：
INSERT INTO t_log ( username, operation, time, method, params, ip, create_time, location ) VALUES ( 'chengcheng1', '新增用户', 397, 'com.smart.brd.sys.system.controller.UserController.addUser()', ' request: org.apache.shiro.web.servlet.ShiroHttpServletRequest@7a6f4921 user: "User(userId=188, username=dukzzz2, password=d1d99a198508746525df567a3ed30e6b, deptId=140558060232900608, deptIds=null, tenantId=0, deptName=null, email=null, mobile=13333333333, status=1, createTime=Wed Apr 07 18:06:53 CST 2021, modifyTime=null, lastLoginTime=null, gender=2, description=null, avatar=default.jpg, roleId=28, roleName=null, expireTime=null, sortField=null, sortOrder=null, createTimeFrom=null, createTimeTo=null, id=null, userType=0, condition=null, openId=null, isXcx=0, isShow=1, createDept=140558060232900608, province=null, city=null, county=null, town=null, housing=null)"', '127.0.0.1', '2021-04-07T18:06:53.959+0800', '内网IP|0|0|内网IP|内网IP' );
2021-04-07 18:06:54.435 febs [http-nio-11101-exec-18] INFO  c.s.b.s.c.authentication.JWTUtil - token is valid
2021-04-07 18:06:54.451 febs [http-nio-11101-exec-18] INFO  p6spy - 2021-04-07 18:06:54 | 耗时 7 ms | SQL 语句：
SELECT COUNT(1) FROM ( SELECT u.user_id userId, u.username, u.password, u.email, u.mobile, u.STATUS, u.create_time createTime, u.is_xcx isXcx, u.is_show isShow, u.gender, d.dept_id deptId, d.dept_name deptName, u.AVATAR, u.DESCRIPTION, u.LAST_LOGIN_TIME lastLoginTime, u.EXPIRE_TIME, u.province, u.city, u.county, u.town, u.housing, GROUP_CONCAT(r.role_id) roleId, GROUP_CONCAT(r.ROLE_NAME) roleName FROM t_user u LEFT JOIN t_dept d ON (u.dept_id = d.dept_id) LEFT JOIN t_user_role ur ON (u.user_id = ur.user_id) LEFT JOIN t_role r ON r.role_id = ur.role_id WHERE u.is_show = 1 and (u.dept_id = 140558060232900608 or u.create_dept = 140558060232900608) and u.user_id > 0 group by u.username, u.user_id, u.password, u.email, u.mobile, u. STATUS, u.create_time, u.gender, d.dept_id, d.dept_name, u.AVATAR, u.DESCRIPTION, u.LAST_LOGIN_TIME ) TOTAL;
2021-04-07 18:06:54.488 febs [http-nio-11101-exec-18] INFO  p6spy - 2021-04-07 18:06:54 | 耗时 34 ms | SQL 语句：
SELECT u.user_id userId, u.username, u.password, u.email, u.mobile, u.STATUS, u.create_time createTime, u.is_xcx isXcx, u.is_show isShow, u.gender, d.dept_id deptId, d.dept_name deptName, u.AVATAR, u.DESCRIPTION, u.LAST_LOGIN_TIME lastLoginTime, u.EXPIRE_TIME, u.province, u.city, u.county, u.town, u.housing, GROUP_CONCAT(r.role_id) roleId, GROUP_CONCAT(r.ROLE_NAME) roleName FROM t_user u LEFT JOIN t_dept d ON (u.dept_id = d.dept_id) LEFT JOIN t_user_role ur ON (u.user_id = ur.user_id) LEFT JOIN t_role r ON r.role_id = ur.role_id WHERE u.is_show = 1 and (u.dept_id = 140558060232900608 or u.create_dept = 140558060232900608) and u.user_id > 0 group by u.username, u.user_id, u.password, u.email, u.mobile, u. STATUS, u.create_time, u.gender, d.dept_id, d.dept_name, u.AVATAR, u.DESCRIPTION, u.LAST_LOGIN_TIME ORDER BY userId ASC LIMIT 0,10;
